<?xml version="1.0" encoding="UTF-8"?>
<testsuite xmlns:xsi="http://www.w3.org/2001/XMLSchema-instance" xsi:noNamespaceSchemaLocation="https://maven.apache.org/surefire/maven-surefire-plugin/xsd/surefire-test-report.xsd" version="3.0.2" name="com.oliveira.helpdesk.controller.UserControllerTest" time="0.844" tests="7" errors="0" skipped="0" failures="0">
  <properties>
[...]
</properties>
  <testcase name="findById_ReturnsUser_WhenSuccessfull" classname="com.oliveira.helpdesk.controller.UserControllerTest" time="0.126">
    <system-out><![CDATA[2025-04-30T14:13:20.912-03:00  INFO 81939 --- [helpdesk] [           main] t.c.s.AnnotationConfigContextLoaderUtils : Could not detect default configuration classes for test class [com.oliveira.helpdesk.controller.UserControllerTest]: UserControllerTest does not declare any static, non-private, non-final, nested classes annotated with @Configuration.
]]></system-out>
  </testcase>
  <testcase name="update_ReturnsUserDTO_WhenSuccessfull" classname="com.oliveira.helpdesk.controller.UserControllerTest" time="0.1"/>
  <testcase name="findAllUsers_ReturnsListOfUsers_WhenSuccessfull" classname="com.oliveira.helpdesk.controller.UserControllerTest" time="0.018"/>
  <testcase name="findByUsername_ReturnsUser_WhenSuccessfull" classname="com.oliveira.helpdesk.controller.UserControllerTest" time="0.023"/>
  <testcase name="create_ReturnsUserDTO__WhenSuccessfull" classname="com.oliveira.helpdesk.controller.UserControllerTest" time="0.02"/>
  <testcase name="numberOfUsers_ReturnsNumverUsersDTO_WhenSuccessfull" classname="com.oliveira.helpdesk.controller.UserControllerTest" time="0.019"/>
  <testcase name="delete_ReturnsVoid_WhenSuccessfull" classname="com.oliveira.helpdesk.controller.UserControllerTest" time="0.029"/>
</testsuite>