<?xml version="1.0" encoding="UTF-8"?>
<testsuite xmlns:xsi="http://www.w3.org/2001/XMLSchema-instance" xsi:noNamespaceSchemaLocation="https://maven.apache.org/surefire/maven-surefire-plugin/xsd/surefire-test-report.xsd" version="3.0.2" name="com.oliveira.helpdesk.repository.TicketRepositoryTest" time="9.622" tests="8" errors="0" skipped="0" failures="0">
  <properties>
[...]
</properties>
  <testcase name="findAll_ReturnsAllTickets_WhenSuccessful" classname="com.oliveira.helpdesk.repository.TicketRepositoryTest" time="1.161">
    <system-out><![CDATA[14:13:11.197 [main] INFO org.springframework.test.context.support.AnnotationConfigContextLoaderUtils -- Could not detect default configuration classes for test class [com.oliveira.helpdesk.repository.TicketRepositoryTest]: TicketRepositoryTest does not declare any static, non-private, non-final, nested classes annotated with @Configuration.
14:13:11.535 [main] INFO org.springframework.boot.test.context.SpringBootTestContextBootstrapper -- Found @SpringBootConfiguration com.oliveira.helpdesk.HelpdeskApplication for test class com.oliveira.helpdesk.repository.TicketRepositoryTest
14:13:11.699 [main] INFO org.springframework.boot.devtools.restart.RestartApplicationListener -- Restart disabled due to context in which it is running
,--.           ,--.          ,--.                  ,--.     
|  ,---. ,---. |  | ,---.  ,-|  |,---.  ,---. ,---.|  |,-.  
|  .-.  | .-. :|  || .-. |' .-. | .-. :(  .-'| .--'|     /  
|  | |  \   --.|  || '-' '\ `-' \   --..-'  `) `--.|  \  \  
`--' `--'`----'`--'|  |-'  `---' `----'`----' `---'`--'`--' 
                   `--'                                     
 
Powered by Spring Boot 3.4.4
2025-04-30T14:13:13.209-03:00  INFO 81939 --- [helpdesk] [           main] c.o.h.repository.TicketRepositoryTest    : Starting TicketRepositoryTest using Java 17.0.7 with PID 81939 (started by macpro in /Users/macpro/Documents/PROJECTS-TI/BACKEND/helpdesk)
2025-04-30T14:13:13.212-03:00  INFO 81939 --- [helpdesk] [           main] c.o.h.repository.TicketRepositoryTest    : No active profile set, falling back to 1 default profile: "default"
2025-04-30T14:13:14.176-03:00  INFO 81939 --- [helpdesk] [           main] .s.d.r.c.RepositoryConfigurationDelegate : Bootstrapping Spring Data JPA repositories in DEFAULT mode.
2025-04-30T14:13:14.402-03:00  INFO 81939 --- [helpdesk] [           main] .s.d.r.c.RepositoryConfigurationDelegate : Finished Spring Data repository scanning in 205 ms. Found 4 JPA repository interfaces.
2025-04-30T14:13:14.584-03:00  INFO 81939 --- [helpdesk] [           main] beddedDataSourceBeanFactoryPostProcessor : Replacing 'dataSource' DataSource bean with embedded version
2025-04-30T14:13:14.879-03:00  INFO 81939 --- [helpdesk] [           main] o.s.j.d.e.EmbeddedDatabaseFactory        : Starting embedded database: url='jdbc:h2:mem:06e2f851-31be-4ae8-bb79-39c6c1473ea9;DB_CLOSE_DELAY=-1;DB_CLOSE_ON_EXIT=false', username='sa'
2025-04-30T14:13:15.599-03:00  INFO 81939 --- [helpdesk] [           main] org.flywaydb.core.FlywayExecutor         : Database: jdbc:h2:mem:06e2f851-31be-4ae8-bb79-39c6c1473ea9 (H2 2.3)
2025-04-30T14:13:15.627-03:00  WARN 81939 --- [helpdesk] [           main] o.f.c.internal.database.base.Database    : Flyway upgrade recommended: H2 2.3.232 is newer than this version of Flyway and support has not been tested. The latest supported version of H2 is 2.2.224.
2025-04-30T14:13:15.668-03:00  INFO 81939 --- [helpdesk] [           main] o.f.c.i.s.JdbcTableSchemaHistory         : Schema history table "PUBLIC"."flyway_schema_history" does not exist yet
2025-04-30T14:13:15.673-03:00  INFO 81939 --- [helpdesk] [           main] o.f.core.internal.command.DbValidate     : Successfully validated 5 migrations (execution time 00:00.026s)
2025-04-30T14:13:15.688-03:00  INFO 81939 --- [helpdesk] [           main] o.f.c.i.s.JdbcTableSchemaHistory         : Creating Schema History table "PUBLIC"."flyway_schema_history" ...
2025-04-30T14:13:15.786-03:00  INFO 81939 --- [helpdesk] [           main] o.f.core.internal.command.DbMigrate      : Current version of schema "PUBLIC": << Empty Schema >>
2025-04-30T14:13:15.806-03:00  INFO 81939 --- [helpdesk] [           main] o.f.core.internal.command.DbMigrate      : Migrating schema "PUBLIC" to version "1.1 - create users table"
2025-04-30T14:13:15.839-03:00  INFO 81939 --- [helpdesk] [           main] o.f.core.internal.command.DbMigrate      : Migrating schema "PUBLIC" to version "1.2 - create tickets table"
2025-04-30T14:13:15.851-03:00  INFO 81939 --- [helpdesk] [           main] o.f.core.internal.command.DbMigrate      : Migrating schema "PUBLIC" to version "1.3 - create ticket attachment"
2025-04-30T14:13:15.863-03:00  INFO 81939 --- [helpdesk] [           main] o.f.core.internal.command.DbMigrate      : Migrating schema "PUBLIC" to version "1.4 - create ticket interaction"
2025-04-30T14:13:15.872-03:00  INFO 81939 --- [helpdesk] [           main] o.f.core.internal.command.DbMigrate      : Migrating schema "PUBLIC" to version "2.1 - alter users table"
2025-04-30T14:13:15.921-03:00  INFO 81939 --- [helpdesk] [           main] o.f.core.internal.command.DbMigrate      : Successfully applied 5 migrations to schema "PUBLIC", now at version v2.1 (execution time 00:00.026s)
2025-04-30T14:13:16.120-03:00  INFO 81939 --- [helpdesk] [           main] o.hibernate.jpa.internal.util.LogHelper  : HHH000204: Processing PersistenceUnitInfo [name: default]
2025-04-30T14:13:16.199-03:00  INFO 81939 --- [helpdesk] [           main] org.hibernate.Version                    : HHH000412: Hibernate ORM core version 6.6.11.Final
2025-04-30T14:13:16.261-03:00  INFO 81939 --- [helpdesk] [           main] o.h.c.internal.RegionFactoryInitiator    : HHH000026: Second-level cache disabled
2025-04-30T14:13:16.698-03:00  INFO 81939 --- [helpdesk] [           main] o.s.o.j.p.SpringPersistenceUnitInfo      : No LoadTimeWeaver setup: ignoring JPA class transformer
2025-04-30T14:13:16.826-03:00  INFO 81939 --- [helpdesk] [           main] org.hibernate.orm.connections.pooling    : HHH10001005: Database info:
	Database JDBC URL [Connecting through datasource 'org.springframework.jdbc.datasource.embedded.EmbeddedDatabaseFactory$EmbeddedDataSourceProxy@6f1d799']
	Database driver: undefined/unknown
	Database version: 2.3.232
	Autocommit mode: undefined/unknown
	Isolation level: undefined/unknown
	Minimum pool size: undefined/unknown
	Maximum pool size: undefined/unknown
2025-04-30T14:13:18.370-03:00  INFO 81939 --- [helpdesk] [           main] o.h.e.t.j.p.i.JtaPlatformInitiator       : HHH000489: No JTA platform available (set 'hibernate.transaction.jta.platform' to enable JTA platform integration)
2025-04-30T14:13:18.375-03:00  INFO 81939 --- [helpdesk] [           main] j.LocalContainerEntityManagerFactoryBean : Initialized JPA EntityManagerFactory for persistence unit 'default'
2025-04-30T14:13:18.972-03:00  INFO 81939 --- [helpdesk] [           main] c.o.h.repository.TicketRepositoryTest    : Started TicketRepositoryTest in 7.298 seconds (process running for 10.143)
Hibernate: insert into tickets (created_at,created_by,description,status,subject,support_user_id,updated_at,updated_by,id) values (?,?,?,?,?,?,?,?,?)
Hibernate: select te1_0.id,te1_0.created_at,te1_0.created_by,te1_0.description,te1_0.status,te1_0.subject,te1_0.support_user_id,te1_0.updated_at,te1_0.updated_by from tickets te1_0
]]></system-out>
  </testcase>
  <testcase name="findById_ReturnsTicket_WhenSuccessful" classname="com.oliveira.helpdesk.repository.TicketRepositoryTest" time="0.028"/>
  <testcase name="update_TicketStatus_WhenSuccessful" classname="com.oliveira.helpdesk.repository.TicketRepositoryTest" time="0.017"/>
  <testcase name="save_UpdateTicket_WhenSuccessful" classname="com.oliveira.helpdesk.repository.TicketRepositoryTest" time="0.035"/>
  <testcase name="delete_RemovesTicket_WhenSuccessful" classname="com.oliveira.helpdesk.repository.TicketRepositoryTest" time="0.014"/>
  <testcase name="save_PersistTicket_WhenSuccessful" classname="com.oliveira.helpdesk.repository.TicketRepositoryTest" time="0.027"/>
  <testcase name="findById_ReturnsEmptyOptional_WhenIdDoesNotExist" classname="com.oliveira.helpdesk.repository.TicketRepositoryTest" time="0.019">
    <system-out><![CDATA[Hibernate: select te1_0.id,te1_0.created_at,cb1_0.id,cb1_0.active,cb1_0.created_at,cb1_0.created_by,cb1_0.email,cb1_0.name,cb1_0.password,cb1_0.role,cb1_0.updated_at,cb1_0.updated_by,cb1_0.username,te1_0.description,te1_0.status,te1_0.subject,su1_0.id,su1_0.active,su1_0.created_at,su1_0.created_by,su1_0.email,su1_0.name,su1_0.password,su1_0.role,su1_0.updated_at,su1_0.updated_by,su1_0.username,te1_0.updated_at,ub1_0.id,ub1_0.active,ub1_0.created_at,ub1_0.created_by,ub1_0.email,ub1_0.name,ub1_0.password,ub1_0.role,ub1_0.updated_at,ub1_0.updated_by,ub1_0.username from tickets te1_0 left join users cb1_0 on cb1_0.id=te1_0.created_by left join users su1_0 on su1_0.id=te1_0.support_user_id left join users ub1_0 on ub1_0.id=te1_0.updated_by where te1_0.id=?
]]></system-out>
  </testcase>
  <testcase name="delete_DoesNothing_WhenTicketDoesNotExist" classname="com.oliveira.helpdesk.repository.TicketRepositoryTest" time="0.024">
    <system-out><![CDATA[Hibernate: select te1_0.id,te1_0.created_at,cb1_0.id,cb1_0.active,cb1_0.created_at,cb1_0.created_by,cb1_0.email,cb1_0.name,cb1_0.password,cb1_0.role,cb1_0.updated_at,cb1_0.updated_by,cb1_0.username,te1_0.description,te1_0.status,te1_0.subject,su1_0.id,su1_0.active,su1_0.created_at,su1_0.created_by,su1_0.email,su1_0.name,su1_0.password,su1_0.role,su1_0.updated_at,su1_0.updated_by,su1_0.username,te1_0.updated_at,ub1_0.id,ub1_0.active,ub1_0.created_at,ub1_0.created_by,ub1_0.email,ub1_0.name,ub1_0.password,ub1_0.role,ub1_0.updated_at,ub1_0.updated_by,ub1_0.username from tickets te1_0 left join users cb1_0 on cb1_0.id=te1_0.created_by left join users su1_0 on su1_0.id=te1_0.support_user_id left join users ub1_0 on ub1_0.id=te1_0.updated_by where te1_0.id=?
]]></system-out>
  </testcase>
</testsuite>